
> vasta-web@0.1.0 pages:build
> npx @opennextjs/cloudflare


┌─────────────────────────────┐
│ OpenNext — Cloudflare build │
└─────────────────────────────┘

WARN OpenNext is not fully compatible with Windows.
WARN For optimal performance, it is recommended to use Windows Subsystem for Linux (WSL).
WARN While OpenNext may function on Windows, it could encounter unpredictable failures during runtime.
App directory: D:\Vasta\vasta\web
Next.js version : 15.4.10
@opennextjs/cloudflare version: 0.5.12
@opennextjs/aws version: https://pkg.pr.new/@opennextjs/aws@7e23eee

┌─────────────────────────────────┐
│ OpenNext — Building Next.js app │
└─────────────────────────────────┘


> vasta-web@0.1.0 build
> next build

   ▲ Next.js 15.4.10
   - Environments: .env.local

   Creating an optimized production build ...
 ✓ Compiled successfully in 10.0s
   Skipping validation of types
   Skipping linting
It looks like you're trying to use TypeScript but do not have the required package(s) installed.
Installing dependencies

If you are not trying to use TypeScript, please remove the tsconfig.json file from your package root (and any TypeScript files in your app and pages directories).


Installing devDependencies (npm):
- typescript
- @types/react
- @types/node


up to date, audited 1205 packages in 12s

196 packages are looking for funding
  run `npm fund` for details

17 vulnerabilities (12 low, 1 moderate, 4 high)

To address issues that do not require attention, run:
  npm audit fix

To address all issues (including breaking changes), run:
  npm audit fix --force

Run `npm audit` for details.

The "id" argument must be of type string. Received undefined
Next.js build worker exited with code: 1 and signal: null
node:internal/errors:985
  const err = new Error(message);
              ^

Error: Command failed: npm run build
    at genericNodeError (node:internal/errors:985:15)
    at wrappedFn (node:internal/errors:539:14)
    at checkExecSyncError (node:child_process:925:11)
    at Object.execSync (node:child_process:997:15)
    at buildNextjsApp (file:///D:/Vasta/vasta/web/node_modules/@opennextjs/aws/dist/build/buildNextApp.js:15:8)
    at build (file:///D:/Vasta/vasta/web/node_modules/@opennextjs/cloudflare/dist/cli/build/build.js:55:9)
    at async file:///D:/Vasta/vasta/web/node_modules/@opennextjs/cloudflare/dist/cli/index.js:7:1 {
  status: 1,
  signal: null,
  output: [ null, null, null ],
  pid: 10116,
  stdout: null,
  stderr: null
}

Node.js v24.12.0
